This is pdfTeX, Version 3.14159265-2.6-1.40.20 (TeX Live 2019/Debian) (preloaded format=pdflatex 2021.4.11)  19 MAY 2021 10:57
entering extended mode
 restricted \write18 enabled.
 file:line:error style messages enabled.
 %&-line parsing enabled.
**/home/joris/Documents/work/quantile_estimation/report/main.tex
(/home/joris/Documents/work/quantile_estimation/report/main.tex
LaTeX2e <2020-02-02> patch level 2
L3 programming layer <2020-02-14> (/usr/share/texlive/texmf-dist/tex/latex/base/article.cls
Document Class: article 2019/12/20 v1.4l Standard LaTeX document class
(/usr/share/texlive/texmf-dist/tex/latex/base/size10.clo
File: size10.clo 2019/12/20 v1.4l Standard LaTeX file (size option)
)
\c@part=\count167
\c@section=\count168
\c@subsection=\count169
\c@subsubsection=\count170
\c@paragraph=\count171
\c@subparagraph=\count172
\c@figure=\count173
\c@table=\count174
\abovecaptionskip=\skip47
\belowcaptionskip=\skip48
\bibindent=\dimen134
) (/usr/share/texlive/texmf-dist/tex/latex/amsmath/amsmath.sty
Package: amsmath 2020/01/20 v2.17e AMS math features
\@mathmargin=\skip49

For additional information on amsmath, use the `?' option.
(/usr/share/texlive/texmf-dist/tex/latex/amsmath/amstext.sty
Package: amstext 2000/06/29 v2.01 AMS text
 (/usr/share/texlive/texmf-dist/tex/latex/amsmath/amsgen.sty
File: amsgen.sty 1999/11/30 v2.0 generic functions
\@emptytoks=\toks14
\ex@=\dimen135
)) (/usr/share/texlive/texmf-dist/tex/latex/amsmath/amsbsy.sty
Package: amsbsy 1999/11/29 v1.2d Bold Symbols
\pmbraise@=\dimen136
) (/usr/share/texlive/texmf-dist/tex/latex/amsmath/amsopn.sty
Package: amsopn 2016/03/08 v2.02 operator names
)
\inf@bad=\count175
LaTeX Info: Redefining \frac on input line 227.
\uproot@=\count176
\leftroot@=\count177
LaTeX Info: Redefining \overline on input line 389.
\classnum@=\count178
\DOTSCASE@=\count179
LaTeX Info: Redefining \ldots on input line 486.
LaTeX Info: Redefining \dots on input line 489.
LaTeX Info: Redefining \cdots on input line 610.
\Mathstrutbox@=\box45
\strutbox@=\box46
\big@size=\dimen137
LaTeX Font Info:    Redeclaring font encoding OML on input line 733.
LaTeX Font Info:    Redeclaring font encoding OMS on input line 734.
\macc@depth=\count180
\c@MaxMatrixCols=\count181
\dotsspace@=\muskip16
\c@parentequation=\count182
\dspbrk@lvl=\count183
\tag@help=\toks15
\row@=\count184
\column@=\count185
\maxfields@=\count186
\andhelp@=\toks16
\eqnshift@=\dimen138
\alignsep@=\dimen139
\tagshift@=\dimen140
\tagwidth@=\dimen141
\totwidth@=\dimen142
\lineht@=\dimen143
\@envbody=\toks17
\multlinegap=\skip50
\multlinetaggap=\skip51
\mathdisplay@stack=\toks18
LaTeX Info: Redefining \[ on input line 2859.
LaTeX Info: Redefining \] on input line 2860.
) (/usr/share/texlive/texmf-dist/tex/latex/graphics/graphicx.sty
Package: graphicx 2019/11/30 v1.2a Enhanced LaTeX Graphics (DPC,SPQR)
 (/usr/share/texlive/texmf-dist/tex/latex/graphics/keyval.sty
Package: keyval 2014/10/28 v1.15 key=value parser (DPC)
\KV@toks@=\toks19
) (/usr/share/texlive/texmf-dist/tex/latex/graphics/graphics.sty
Package: graphics 2019/11/30 v1.4a Standard LaTeX Graphics (DPC,SPQR)
 (/usr/share/texlive/texmf-dist/tex/latex/graphics/trig.sty
Package: trig 2016/01/03 v1.10 sin cos tan (DPC)
) (/usr/share/texlive/texmf-dist/tex/latex/graphics-cfg/graphics.cfg
File: graphics.cfg 2016/06/04 v1.11 sample graphics configuration
)
Package graphics Info: Driver file: pdftex.def on input line 105.
 (/usr/share/texlive/texmf-dist/tex/latex/graphics-def/pdftex.def
File: pdftex.def 2018/01/08 v1.0l Graphics/color driver for pdftex
))
\Gin@req@height=\dimen144
\Gin@req@width=\dimen145
) (/usr/share/texlive/texmf-dist/tex/latex/float/float.sty
Package: float 2001/11/08 v1.3d Float enhancements (AL)
\c@float@type=\count187
\float@exts=\toks20
\float@box=\box47
\@float@everytoks=\toks21
\@floatcapt=\box48
) (/usr/share/texlive/texmf-dist/tex/latex/caption/caption.sty
Package: caption 2020/01/03 v3.4h Customizing captions (AR)
 (/usr/share/texlive/texmf-dist/tex/latex/caption/caption3.sty
Package: caption3 2020/01/03 v1.8h caption3 kernel (AR)
Package caption3 Info: TeX engine: e-TeX on input line 61.
\captionmargin=\dimen146
\captionmargin@=\dimen147
\captionwidth=\dimen148
\caption@tempdima=\dimen149
\caption@indent=\dimen150
\caption@parindent=\dimen151
\caption@hangindent=\dimen152
Package caption Info: Standard document class detected.
)
\c@caption@flags=\count188
\c@continuedfloat=\count189
Package caption Info: float package is loaded.
) (/usr/share/texlive/texmf-dist/tex/latex/caption/subcaption.sty
Package: subcaption 2020/01/22 v1.3d Sub-captions (AR)
\c@subfigure=\count190
\c@subtable=\count191
) (/usr/share/texlive/texmf-dist/tex/latex/multirow/multirow.sty
Package: multirow 2019/05/31 v2.5 Span multiple rows of a table
\multirow@colwidth=\skip52
\multirow@cntb=\count192
\multirow@dima=\skip53
\bigstrutjot=\dimen153
) (/usr/share/texlive/texmf-dist/tex/latex/tools/multicol.sty
Package: multicol 2019/12/09 v1.8y multicolumn formatting (FMi)
\c@tracingmulticols=\count193
\mult@box=\box49
\multicol@leftmargin=\dimen154
\c@unbalance=\count194
\c@collectmore=\count195
\doublecol@number=\count196
\multicoltolerance=\count197
\multicolpretolerance=\count198
\full@width=\dimen155
\page@free=\dimen156
\premulticols=\dimen157
\postmulticols=\dimen158
\multicolsep=\skip54
\multicolbaselineskip=\skip55
\partial@page=\box50
\last@line=\box51
\maxbalancingoverflow=\dimen159
\mult@rightbox=\box52
\mult@grightbox=\box53
\mult@gfirstbox=\box54
\mult@firstbox=\box55
\@tempa=\box56
\@tempa=\box57
\@tempa=\box58
\@tempa=\box59
\@tempa=\box60
\@tempa=\box61
\@tempa=\box62
\@tempa=\box63
\@tempa=\box64
\@tempa=\box65
\@tempa=\box66
\@tempa=\box67
\@tempa=\box68
\@tempa=\box69
\@tempa=\box70
\@tempa=\box71
\@tempa=\box72
\@tempa=\box73
\@tempa=\box74
\@tempa=\box75
\@tempa=\box76
\@tempa=\box77
\@tempa=\box78
\@tempa=\box79
\@tempa=\box80
\@tempa=\box81
\@tempa=\box82
\@tempa=\box83
\@tempa=\box84
\@tempa=\box85
\@tempa=\box86
\@tempa=\box87
\@tempa=\box88
\@tempa=\box89
\@tempa=\box90
\@tempa=\box91
\@tempa=\box92
\c@minrows=\count199
\c@columnbadness=\count266
\c@finalcolumnbadness=\count267
\last@try=\dimen160
\multicolovershoot=\dimen161
\multicolundershoot=\dimen162
\mult@nat@firstbox=\box93
\colbreak@box=\box94
\mc@col@check@num=\count268
) (/usr/share/texlive/texmf-dist/tex/latex/hyperref/hyperref.sty
Package: hyperref 2020/01/14 v7.00d Hypertext links for LaTeX
 (/usr/share/texlive/texmf-dist/tex/generic/ltxcmds/ltxcmds.sty
Package: ltxcmds 2019/12/15 v1.24 LaTeX kernel commands for general use (HO)
) (/usr/share/texlive/texmf-dist/tex/generic/iftex/iftex.sty
Package: iftex 2019/11/07 v1.0c TeX engine tests
) (/usr/share/texlive/texmf-dist/tex/latex/pdftexcmds/pdftexcmds.sty
Package: pdftexcmds 2019/11/24 v0.31 Utility functions of pdfTeX for LuaTeX (HO)
 (/usr/share/texlive/texmf-dist/tex/generic/infwarerr/infwarerr.sty
Package: infwarerr 2019/12/03 v1.5 Providing info/warning/error messages (HO)
)
Package pdftexcmds Info: \pdf@primitive is available.
Package pdftexcmds Info: \pdf@ifprimitive is available.
Package pdftexcmds Info: \pdfdraftmode found.
) (/usr/share/texlive/texmf-dist/tex/generic/kvsetkeys/kvsetkeys.sty
Package: kvsetkeys 2019/12/15 v1.18 Key value parser (HO)
) (/usr/share/texlive/texmf-dist/tex/generic/kvdefinekeys/kvdefinekeys.sty
Package: kvdefinekeys 2019-12-19 v1.6 Define keys (HO)
) (/usr/share/texlive/texmf-dist/tex/generic/pdfescape/pdfescape.sty
Package: pdfescape 2019/12/09 v1.15 Implements pdfTeX's escape features (HO)
) (/usr/share/texlive/texmf-dist/tex/latex/hycolor/hycolor.sty
Package: hycolor 2020-01-27 v1.10 Color options for hyperref/bookmark (HO)
) (/usr/share/texlive/texmf-dist/tex/latex/letltxmacro/letltxmacro.sty
Package: letltxmacro 2019/12/03 v1.6 Let assignment for LaTeX macros (HO)
) (/usr/share/texlive/texmf-dist/tex/latex/auxhook/auxhook.sty
Package: auxhook 2019-12-17 v1.6 Hooks for auxiliary files (HO)
) (/usr/share/texlive/texmf-dist/tex/latex/kvoptions/kvoptions.sty
Package: kvoptions 2019/11/29 v3.13 Key value format for package options (HO)
)
\@linkdim=\dimen163
\Hy@linkcounter=\count269
\Hy@pagecounter=\count270
 (/usr/share/texlive/texmf-dist/tex/latex/hyperref/pd1enc.def
File: pd1enc.def 2020/01/14 v7.00d Hyperref: PDFDocEncoding definition (HO)
Now handling font encoding PD1 ...
... no UTF-8 mapping file for font encoding PD1
) (/usr/share/texlive/texmf-dist/tex/generic/intcalc/intcalc.sty
Package: intcalc 2019/12/15 v1.3 Expandable calculations with integers (HO)
) (/usr/share/texlive/texmf-dist/tex/generic/etexcmds/etexcmds.sty
Package: etexcmds 2019/12/15 v1.7 Avoid name clashes with e-TeX commands (HO)
)
\Hy@SavedSpaceFactor=\count271
\pdfmajorversion=\count272
Package hyperref Info: Hyper figures OFF on input line 4547.
Package hyperref Info: Link nesting OFF on input line 4552.
Package hyperref Info: Hyper index ON on input line 4555.
Package hyperref Info: Plain pages OFF on input line 4562.
Package hyperref Info: Backreferencing OFF on input line 4567.
Package hyperref Info: Implicit mode ON; LaTeX internals redefined.
Package hyperref Info: Bookmarks ON on input line 4800.
\c@Hy@tempcnt=\count273
 (/usr/share/texlive/texmf-dist/tex/latex/url/url.sty
\Urlmuskip=\muskip17
Package: url 2013/09/16  ver 3.4  Verb mode for urls, etc.
)
LaTeX Info: Redefining \url on input line 5159.
\XeTeXLinkMargin=\dimen164
 (/usr/share/texlive/texmf-dist/tex/generic/bitset/bitset.sty
Package: bitset 2019/12/09 v1.3 Handle bit-vector datatype (HO)
 (/usr/share/texlive/texmf-dist/tex/generic/bigintcalc/bigintcalc.sty
Package: bigintcalc 2019/12/15 v1.5 Expandable calculations on big integers (HO)
))
\Fld@menulength=\count274
\Field@Width=\dimen165
\Fld@charsize=\dimen166
Package hyperref Info: Hyper figures OFF on input line 6430.
Package hyperref Info: Link nesting OFF on input line 6435.
Package hyperref Info: Hyper index ON on input line 6438.
Package hyperref Info: backreferencing OFF on input line 6445.
Package hyperref Info: Link coloring OFF on input line 6450.
Package hyperref Info: Link coloring with OCG OFF on input line 6455.
Package hyperref Info: PDF/A mode OFF on input line 6460.
LaTeX Info: Redefining \ref on input line 6500.
LaTeX Info: Redefining \pageref on input line 6504.
 (/usr/share/texlive/texmf-dist/tex/generic/atbegshi/atbegshi.sty
Package: atbegshi 2019/12/05 v1.19 At begin shipout hook (HO)
)
\Hy@abspage=\count275
\c@Item=\count276
\c@Hfootnote=\count277
)
Package hyperref Info: Driver (autodetected): hpdftex.
 (/usr/share/texlive/texmf-dist/tex/latex/hyperref/hpdftex.def
File: hpdftex.def 2020/01/14 v7.00d Hyperref driver for pdfTeX
 (/usr/share/texlive/texmf-dist/tex/latex/atveryend/atveryend.sty
Package: atveryend 2019-12-11 v1.11 Hooks at the very end of document (HO)
Package atveryend Info: \enddocument detected (standard20110627).
)
\Fld@listcount=\count278
\c@bookmark@seq@number=\count279
 (/usr/share/texlive/texmf-dist/tex/latex/rerunfilecheck/rerunfilecheck.sty
Package: rerunfilecheck 2019/12/05 v1.9 Rerun checks for auxiliary files (HO)
 (/usr/share/texlive/texmf-dist/tex/generic/uniquecounter/uniquecounter.sty
Package: uniquecounter 2019/12/15 v1.4 Provide unlimited unique counter (HO)
)
Package uniquecounter Info: New unique counter `rerunfilecheck' on input line 286.
)
\Hy@SectionHShift=\skip56
)
Package hyperref Info: Option `colorlinks' set `true' on input line 16.
 (/usr/share/texlive/texmf-dist/tex/latex/l3backend/l3backend-pdfmode.def
File: l3backend-pdfmode.def 2020-02-03 L3 backend support: PDF mode
\l__kernel_color_stack_int=\count280
\l__pdf_internal_box=\box95
) (/home/joris/Documents/work/quantile_estimation/report/main.aux)
\openout1 = `main.aux'.

LaTeX Font Info:    Checking defaults for OML/cmm/m/it on input line 35.
LaTeX Font Info:    ... okay on input line 35.
LaTeX Font Info:    Checking defaults for OMS/cmsy/m/n on input line 35.
LaTeX Font Info:    ... okay on input line 35.
LaTeX Font Info:    Checking defaults for OT1/cmr/m/n on input line 35.
LaTeX Font Info:    ... okay on input line 35.
LaTeX Font Info:    Checking defaults for T1/cmr/m/n on input line 35.
LaTeX Font Info:    ... okay on input line 35.
LaTeX Font Info:    Checking defaults for TS1/cmr/m/n on input line 35.
LaTeX Font Info:    ... okay on input line 35.
LaTeX Font Info:    Checking defaults for OMX/cmex/m/n on input line 35.
LaTeX Font Info:    ... okay on input line 35.
LaTeX Font Info:    Checking defaults for U/cmr/m/n on input line 35.
LaTeX Font Info:    ... okay on input line 35.
LaTeX Font Info:    Checking defaults for PD1/pdf/m/n on input line 35.
LaTeX Font Info:    ... okay on input line 35.
 (/usr/share/texlive/texmf-dist/tex/context/base/mkii/supp-pdf.mkii
[Loading MPS to PDF converter (version 2006.09.02).]
\scratchcounter=\count281
\scratchdimen=\dimen167
\scratchbox=\box96
\nofMPsegments=\count282
\nofMParguments=\count283
\everyMPshowfont=\toks22
\MPscratchCnt=\count284
\MPscratchDim=\dimen168
\MPnumerator=\count285
\makeMPintoPDFobject=\count286
\everyMPtoPDFconversion=\toks23
) (/usr/share/texlive/texmf-dist/tex/latex/epstopdf-pkg/epstopdf-base.sty
Package: epstopdf-base 2020-01-24 v2.11 Base part for package epstopdf
Package epstopdf-base Info: Redefining graphics rule for `.eps' on input line 485.
 (/usr/share/texlive/texmf-dist/tex/latex/latexconfig/epstopdf-sys.cfg
File: epstopdf-sys.cfg 2010/07/13 v1.3 Configuration of (r)epstopdf for TeX Live
))
Package caption Info: Begin \AtBeginDocument code.
Package caption Info: hyperref package is loaded.
Package caption Info: End \AtBeginDocument code.
\AtBeginShipoutBox=\box97
 (/usr/share/texlive/texmf-dist/tex/latex/graphics/color.sty
Package: color 2019/11/23 v1.2a Standard LaTeX Color (DPC)
 (/usr/share/texlive/texmf-dist/tex/latex/graphics-cfg/color.cfg
File: color.cfg 2016/01/02 v1.6 sample color configuration
)
Package color Info: Driver file: pdftex.def on input line 147.
)
Package hyperref Info: Link coloring ON on input line 35.
 (/usr/share/texlive/texmf-dist/tex/latex/hyperref/nameref.sty
Package: nameref 2019/09/16 v2.46 Cross-referencing by name of section
 (/usr/share/texlive/texmf-dist/tex/latex/refcount/refcount.sty
Package: refcount 2019/12/15 v3.6 Data extraction from label references (HO)
) (/usr/share/texlive/texmf-dist/tex/generic/gettitlestring/gettitlestring.sty
Package: gettitlestring 2019/12/15 v1.6 Cleanup title references (HO)
)
\c@section@level=\count287
)
LaTeX Info: Redefining \ref on input line 35.
LaTeX Info: Redefining \pageref on input line 35.
LaTeX Info: Redefining \nameref on input line 35.
 (/home/joris/Documents/work/quantile_estimation/report/main.out) (/home/joris/Documents/work/quantile_estimation/report/main.out)
\@outlinefile=\write3
\openout3 = `main.out'.

 [1

{/var/lib/texmf/fonts/map/pdftex/updmap/pdftex.map}] (/home/joris/Documents/work/quantile_estimation/report/main.toc)
\tf@toc=\write4
\openout4 = `main.toc'.

 (/home/joris/Documents/work/quantile_estimation/report/main.lof)
\tf@lof=\write5
\openout5 = `main.lof'.

 [2]
<images/excel_data.png, id=155, 216.81pt x 725.71124pt>
File: images/excel_data.png Graphic file (type png)
<use images/excel_data.png>
Package pdftex.def Info: images/excel_data.png  used on input line 60.
(pdftex.def)             Requested size: 86.25pt x 288.69585pt.
<images/plot_excel_data.png, id=157, 967.615pt x 526.96875pt>
File: images/plot_excel_data.png Graphic file (type png)
<use images/plot_excel_data.png>
Package pdftex.def Info: images/plot_excel_data.png  used on input line 67.
(pdftex.def)             Requested size: 255.3019pt x 139.03494pt.
 [3 </home/joris/Documents/work/quantile_estimation/report/images/excel_data.png> </home/joris/Documents/work/quantile_estimation/report/images/plot_excel_data.png>]
<images/estimation_q3.png, id=173, 967.615pt x 526.96875pt>
File: images/estimation_q3.png Graphic file (type png)
<use images/estimation_q3.png>
Package pdftex.def Info: images/estimation_q3.png  used on input line 94.
(pdftex.def)             Requested size: 289.79874pt x 157.82649pt.
<images/estimation_q4.png, id=174, 967.615pt x 526.96875pt>
File: images/estimation_q4.png Graphic file (type png)
<use images/estimation_q4.png>
Package pdftex.def Info: images/estimation_q4.png  used on input line 99.
(pdftex.def)             Requested size: 289.79874pt x 157.82649pt.
<images/estimation_q5.png, id=175, 967.615pt x 526.96875pt>
File: images/estimation_q5.png Graphic file (type png)
<use images/estimation_q5.png>
Package pdftex.def Info: images/estimation_q5.png  used on input line 104.
(pdftex.def)             Requested size: 289.79874pt x 157.82649pt.
 [4] [5 </home/joris/Documents/work/quantile_estimation/report/images/estimation_q3.png> </home/joris/Documents/work/quantile_estimation/report/images/estimation_q4.png> </home/joris/Documents/work/quantile_estimation/report/images/estimation_q5.png>] [6]
<../fig/data/CC1: CAM2 --> ECU2_24s.png, id=205, 3513.125pt x 2509.375pt>
File: ../fig/data/CC1: CAM2 --> ECU2_24s.png Graphic file (type png)
<use ../fig/data/CC1: CAM2 --> ECU2_24s.png>
Package pdftex.def Info: ../fig/data/CC1: CAM2 --> ECU2_24s.png  used on input line 168.
(pdftex.def)             Requested size: 170.77332pt x 121.95341pt.
<../fig/data/CC1: CAM2 --> ECU2_4mn.png, id=206, 3513.125pt x 2509.375pt>
File: ../fig/data/CC1: CAM2 --> ECU2_4mn.png Graphic file (type png)
<use ../fig/data/CC1: CAM2 --> ECU2_4mn.png>
Package pdftex.def Info: ../fig/data/CC1: CAM2 --> ECU2_4mn.png  used on input line 174.
(pdftex.def)             Requested size: 170.77332pt x 121.95341pt.
<../fig/data/CC1: CAM2 --> ECU2_40mn.png, id=207, 3513.125pt x 2509.375pt>
File: ../fig/data/CC1: CAM2 --> ECU2_40mn.png Graphic file (type png)
<use ../fig/data/CC1: CAM2 --> ECU2_40mn.png>
Package pdftex.def Info: ../fig/data/CC1: CAM2 --> ECU2_40mn.png  used on input line 180.
(pdftex.def)             Requested size: 170.77332pt x 121.95341pt.
<../fig/data/CC1: CAM2 --> ECU2_400mn.png, id=208, 3513.125pt x 2509.375pt>
File: ../fig/data/CC1: CAM2 --> ECU2_400mn.png Graphic file (type png)
<use ../fig/data/CC1: CAM2 --> ECU2_400mn.png>
Package pdftex.def Info: ../fig/data/CC1: CAM2 --> ECU2_400mn.png  used on input line 185.
(pdftex.def)             Requested size: 170.77332pt x 121.95341pt.
<../fig/quantile3/CC1: CAM2 --> ECU2_24s.png, id=209, 3513.125pt x 2509.375pt>
File: ../fig/quantile3/CC1: CAM2 --> ECU2_24s.png Graphic file (type png)
<use ../fig/quantile3/CC1: CAM2 --> ECU2_24s.png>
Package pdftex.def Info: ../fig/quantile3/CC1: CAM2 --> ECU2_24s.png  used on input line 196.
(pdftex.def)             Requested size: 170.77332pt x 121.95341pt.
<../fig/quantile3/CC1: CAM2 --> ECU2_4mn.png, id=210, 3513.125pt x 2509.375pt>
File: ../fig/quantile3/CC1: CAM2 --> ECU2_4mn.png Graphic file (type png)
<use ../fig/quantile3/CC1: CAM2 --> ECU2_4mn.png>
Package pdftex.def Info: ../fig/quantile3/CC1: CAM2 --> ECU2_4mn.png  used on input line 202.
(pdftex.def)             Requested size: 170.77332pt x 121.95341pt.
<../fig/quantile3/CC1: CAM2 --> ECU2_40mn.png, id=211, 3513.125pt x 2509.375pt>
File: ../fig/quantile3/CC1: CAM2 --> ECU2_40mn.png Graphic file (type png)
<use ../fig/quantile3/CC1: CAM2 --> ECU2_40mn.png>
Package pdftex.def Info: ../fig/quantile3/CC1: CAM2 --> ECU2_40mn.png  used on input line 208.
(pdftex.def)             Requested size: 170.77332pt x 121.95341pt.
<../fig/quantile3/CC1: CAM2 --> ECU2_400mn.png, id=212, 3513.125pt x 2509.375pt>
File: ../fig/quantile3/CC1: CAM2 --> ECU2_400mn.png Graphic file (type png)
<use ../fig/quantile3/CC1: CAM2 --> ECU2_400mn.png>
Package pdftex.def Info: ../fig/quantile3/CC1: CAM2 --> ECU2_400mn.png  used on input line 213.
(pdftex.def)             Requested size: 170.77332pt x 121.95341pt.
 [7 <../fig/data/CC1: CAM2 --> ECU2_24s.png> <../fig/data/CC1: CAM2 --> ECU2_4mn.png> <../fig/data/CC1: CAM2 --> ECU2_40mn.png> <../fig/data/CC1: CAM2 --> ECU2_400mn.png>]
<../fig/quantile4/CC1: CAM2 --> ECU2_24s.png, id=222, 3513.125pt x 2509.375pt>
File: ../fig/quantile4/CC1: CAM2 --> ECU2_24s.png Graphic file (type png)
<use ../fig/quantile4/CC1: CAM2 --> ECU2_24s.png>
Package pdftex.def Info: ../fig/quantile4/CC1: CAM2 --> ECU2_24s.png  used on input line 224.
(pdftex.def)             Requested size: 170.77332pt x 121.95341pt.
<../fig/quantile4/CC1: CAM2 --> ECU2_4mn.png, id=223, 3513.125pt x 2509.375pt>
File: ../fig/quantile4/CC1: CAM2 --> ECU2_4mn.png Graphic file (type png)
<use ../fig/quantile4/CC1: CAM2 --> ECU2_4mn.png>
Package pdftex.def Info: ../fig/quantile4/CC1: CAM2 --> ECU2_4mn.png  used on input line 230.
(pdftex.def)             Requested size: 170.77332pt x 121.95341pt.
<../fig/quantile4/CC1: CAM2 --> ECU2_40mn.png, id=224, 3513.125pt x 2509.375pt>
File: ../fig/quantile4/CC1: CAM2 --> ECU2_40mn.png Graphic file (type png)
<use ../fig/quantile4/CC1: CAM2 --> ECU2_40mn.png>
Package pdftex.def Info: ../fig/quantile4/CC1: CAM2 --> ECU2_40mn.png  used on input line 236.
(pdftex.def)             Requested size: 170.77332pt x 121.95341pt.
<../fig/quantile4/CC1: CAM2 --> ECU2_400mn.png, id=225, 3513.125pt x 2509.375pt>
File: ../fig/quantile4/CC1: CAM2 --> ECU2_400mn.png Graphic file (type png)
<use ../fig/quantile4/CC1: CAM2 --> ECU2_400mn.png>
Package pdftex.def Info: ../fig/quantile4/CC1: CAM2 --> ECU2_400mn.png  used on input line 241.
(pdftex.def)             Requested size: 170.77332pt x 121.95341pt.
 [8 <../fig/quantile3/CC1: CAM2 --> ECU2_24s.png> <../fig/quantile3/CC1: CAM2 --> ECU2_4mn.png> <../fig/quantile3/CC1: CAM2 --> ECU2_40mn.png> <../fig/quantile3/CC1: CAM2 --> ECU2_400mn.png>]
<../fig/quantile5/CC1: CAM2 --> ECU2_24s.png, id=234, 3513.125pt x 2509.375pt>
File: ../fig/quantile5/CC1: CAM2 --> ECU2_24s.png Graphic file (type png)
<use ../fig/quantile5/CC1: CAM2 --> ECU2_24s.png>
Package pdftex.def Info: ../fig/quantile5/CC1: CAM2 --> ECU2_24s.png  used on input line 252.
(pdftex.def)             Requested size: 170.77332pt x 121.95341pt.
<../fig/quantile5/CC1: CAM2 --> ECU2_4mn.png, id=235, 3513.125pt x 2509.375pt>
File: ../fig/quantile5/CC1: CAM2 --> ECU2_4mn.png Graphic file (type png)
<use ../fig/quantile5/CC1: CAM2 --> ECU2_4mn.png>
Package pdftex.def Info: ../fig/quantile5/CC1: CAM2 --> ECU2_4mn.png  used on input line 258.
(pdftex.def)             Requested size: 170.77332pt x 121.95341pt.
<../fig/quantile5/CC1: CAM2 --> ECU2_40mn.png, id=236, 3513.125pt x 2509.375pt>
File: ../fig/quantile5/CC1: CAM2 --> ECU2_40mn.png Graphic file (type png)
<use ../fig/quantile5/CC1: CAM2 --> ECU2_40mn.png>
Package pdftex.def Info: ../fig/quantile5/CC1: CAM2 --> ECU2_40mn.png  used on input line 264.
(pdftex.def)             Requested size: 170.77332pt x 121.95341pt.
<../fig/quantile5/CC1: CAM2 --> ECU2_400mn.png, id=237, 3513.125pt x 2509.375pt>
File: ../fig/quantile5/CC1: CAM2 --> ECU2_400mn.png Graphic file (type png)
<use ../fig/quantile5/CC1: CAM2 --> ECU2_400mn.png>
Package pdftex.def Info: ../fig/quantile5/CC1: CAM2 --> ECU2_400mn.png  used on input line 269.
(pdftex.def)             Requested size: 170.77332pt x 121.95341pt.
 [9 <../fig/quantile4/CC1: CAM2 --> ECU2_24s.png> <../fig/quantile4/CC1: CAM2 --> ECU2_4mn.png> <../fig/quantile4/CC1: CAM2 --> ECU2_40mn.png> <../fig/quantile4/CC1: CAM2 --> ECU2_400mn.png>]
<../fig/data/TFTP4_DAT_24s.png, id=246, 3513.125pt x 2509.375pt>
File: ../fig/data/TFTP4_DAT_24s.png Graphic file (type png)
<use ../fig/data/TFTP4_DAT_24s.png>
Package pdftex.def Info: ../fig/data/TFTP4_DAT_24s.png  used on input line 284.
(pdftex.def)             Requested size: 170.77332pt x 121.95341pt.
<../fig/data/TFTP4 DAT_4mn.png, id=247, 3513.125pt x 2509.375pt>
File: ../fig/data/TFTP4 DAT_4mn.png Graphic file (type png)
<use ../fig/data/TFTP4 DAT_4mn.png>
Package pdftex.def Info: ../fig/data/TFTP4 DAT_4mn.png  used on input line 290.
(pdftex.def)             Requested size: 170.77332pt x 121.95341pt.
<../fig/data/TFTP4 DAT_40mn.png, id=248, 3513.125pt x 2509.375pt>
File: ../fig/data/TFTP4 DAT_40mn.png Graphic file (type png)
<use ../fig/data/TFTP4 DAT_40mn.png>
Package pdftex.def Info: ../fig/data/TFTP4 DAT_40mn.png  used on input line 296.
(pdftex.def)             Requested size: 170.77332pt x 121.95341pt.
<../fig/data/TFTP4 DAT_400mn.png, id=249, 3513.125pt x 2509.375pt>
File: ../fig/data/TFTP4 DAT_400mn.png Graphic file (type png)
<use ../fig/data/TFTP4 DAT_400mn.png>
Package pdftex.def Info: ../fig/data/TFTP4 DAT_400mn.png  used on input line 301.
(pdftex.def)             Requested size: 170.77332pt x 121.95341pt.
 [10 <../fig/quantile5/CC1: CAM2 --> ECU2_24s.png> <../fig/quantile5/CC1: CAM2 --> ECU2_4mn.png> <../fig/quantile5/CC1: CAM2 --> ECU2_40mn.png> <../fig/quantile5/CC1: CAM2 --> ECU2_400mn.png>]
<../fig/quantile3/TFTP4_DAT_24s.png, id=258, 3513.125pt x 2509.375pt>
File: ../fig/quantile3/TFTP4_DAT_24s.png Graphic file (type png)
<use ../fig/quantile3/TFTP4_DAT_24s.png>
Package pdftex.def Info: ../fig/quantile3/TFTP4_DAT_24s.png  used on input line 312.
(pdftex.def)             Requested size: 170.77332pt x 121.95341pt.
<../fig/quantile3/TFTP4 DAT_4mn.png, id=259, 3513.125pt x 2509.375pt>
File: ../fig/quantile3/TFTP4 DAT_4mn.png Graphic file (type png)
<use ../fig/quantile3/TFTP4 DAT_4mn.png>
Package pdftex.def Info: ../fig/quantile3/TFTP4 DAT_4mn.png  used on input line 318.
(pdftex.def)             Requested size: 170.77332pt x 121.95341pt.
<../fig/quantile3/TFTP4 DAT_40mn.png, id=260, 3513.125pt x 2509.375pt>
File: ../fig/quantile3/TFTP4 DAT_40mn.png Graphic file (type png)
<use ../fig/quantile3/TFTP4 DAT_40mn.png>
Package pdftex.def Info: ../fig/quantile3/TFTP4 DAT_40mn.png  used on input line 324.
(pdftex.def)             Requested size: 170.77332pt x 121.95341pt.
<../fig/quantile3/TFTP4 DAT_400mn.png, id=261, 3513.125pt x 2509.375pt>
File: ../fig/quantile3/TFTP4 DAT_400mn.png Graphic file (type png)
<use ../fig/quantile3/TFTP4 DAT_400mn.png>
Package pdftex.def Info: ../fig/quantile3/TFTP4 DAT_400mn.png  used on input line 329.
(pdftex.def)             Requested size: 170.77332pt x 121.95341pt.
 [11 <../fig/data/TFTP4_DAT_24s.png> <../fig/data/TFTP4 DAT_4mn.png> <../fig/data/TFTP4 DAT_40mn.png> <../fig/data/TFTP4 DAT_400mn.png>]
<../fig/quantile4/TFTP4_DAT_24s.png, id=270, 3513.125pt x 2509.375pt>
File: ../fig/quantile4/TFTP4_DAT_24s.png Graphic file (type png)
<use ../fig/quantile4/TFTP4_DAT_24s.png>
Package pdftex.def Info: ../fig/quantile4/TFTP4_DAT_24s.png  used on input line 341.
(pdftex.def)             Requested size: 170.77332pt x 121.95341pt.
<../fig/quantile4/TFTP4 DAT_4mn.png, id=271, 3513.125pt x 2509.375pt>
File: ../fig/quantile4/TFTP4 DAT_4mn.png Graphic file (type png)
<use ../fig/quantile4/TFTP4 DAT_4mn.png>
Package pdftex.def Info: ../fig/quantile4/TFTP4 DAT_4mn.png  used on input line 347.
(pdftex.def)             Requested size: 170.77332pt x 121.95341pt.
<../fig/quantile4/TFTP4 DAT_40mn.png, id=272, 3513.125pt x 2509.375pt>
File: ../fig/quantile4/TFTP4 DAT_40mn.png Graphic file (type png)
<use ../fig/quantile4/TFTP4 DAT_40mn.png>
Package pdftex.def Info: ../fig/quantile4/TFTP4 DAT_40mn.png  used on input line 353.
(pdftex.def)             Requested size: 170.77332pt x 121.95341pt.
<../fig/quantile4/TFTP4 DAT_400mn.png, id=273, 3513.125pt x 2509.375pt>
File: ../fig/quantile4/TFTP4 DAT_400mn.png Graphic file (type png)
<use ../fig/quantile4/TFTP4 DAT_400mn.png>
Package pdftex.def Info: ../fig/quantile4/TFTP4 DAT_400mn.png  used on input line 358.
(pdftex.def)             Requested size: 170.77332pt x 121.95341pt.
 [12 <../fig/quantile3/TFTP4_DAT_24s.png> <../fig/quantile3/TFTP4 DAT_4mn.png> <../fig/quantile3/TFTP4 DAT_40mn.png> <../fig/quantile3/TFTP4 DAT_400mn.png>]
<../fig/quantile5/TFTP4_DAT_24s.png, id=282, 3513.125pt x 2509.375pt>
File: ../fig/quantile5/TFTP4_DAT_24s.png Graphic file (type png)
<use ../fig/quantile5/TFTP4_DAT_24s.png>
Package pdftex.def Info: ../fig/quantile5/TFTP4_DAT_24s.png  used on input line 369.
(pdftex.def)             Requested size: 170.77332pt x 121.95341pt.
<../fig/quantile5/TFTP4 DAT_4mn.png, id=283, 3513.125pt x 2509.375pt>
File: ../fig/quantile5/TFTP4 DAT_4mn.png Graphic file (type png)
<use ../fig/quantile5/TFTP4 DAT_4mn.png>
Package pdftex.def Info: ../fig/quantile5/TFTP4 DAT_4mn.png  used on input line 375.
(pdftex.def)             Requested size: 170.77332pt x 121.95341pt.
<../fig/quantile5/TFTP4 DAT_40mn.png, id=284, 3513.125pt x 2509.375pt>
File: ../fig/quantile5/TFTP4 DAT_40mn.png Graphic file (type png)
<use ../fig/quantile5/TFTP4 DAT_40mn.png>
Package pdftex.def Info: ../fig/quantile5/TFTP4 DAT_40mn.png  used on input line 381.
(pdftex.def)             Requested size: 170.77332pt x 121.95341pt.
<../fig/quantile5/TFTP4 DAT_400mn.png, id=285, 3513.125pt x 2509.375pt>
File: ../fig/quantile5/TFTP4 DAT_400mn.png Graphic file (type png)
<use ../fig/quantile5/TFTP4 DAT_400mn.png>
Package pdftex.def Info: ../fig/quantile5/TFTP4 DAT_400mn.png  used on input line 386.
(pdftex.def)             Requested size: 170.77332pt x 121.95341pt.
 [13 <../fig/quantile4/TFTP4_DAT_24s.png> <../fig/quantile4/TFTP4 DAT_4mn.png> <../fig/quantile4/TFTP4 DAT_40mn.png> <../fig/quantile4/TFTP4 DAT_400mn.png>]
<../fig/data/VD2_24s.png, id=295, 3513.125pt x 2509.375pt>
File: ../fig/data/VD2_24s.png Graphic file (type png)
<use ../fig/data/VD2_24s.png>
Package pdftex.def Info: ../fig/data/VD2_24s.png  used on input line 401.
(pdftex.def)             Requested size: 170.77332pt x 121.95341pt.
<../fig/data/VD2_4mn.png, id=296, 3513.125pt x 2509.375pt>
File: ../fig/data/VD2_4mn.png Graphic file (type png)
<use ../fig/data/VD2_4mn.png>
Package pdftex.def Info: ../fig/data/VD2_4mn.png  used on input line 407.
(pdftex.def)             Requested size: 170.77332pt x 121.95341pt.
<../fig/data/VD2_40mn.png, id=297, 3513.125pt x 2509.375pt>
File: ../fig/data/VD2_40mn.png Graphic file (type png)
<use ../fig/data/VD2_40mn.png>
Package pdftex.def Info: ../fig/data/VD2_40mn.png  used on input line 413.
(pdftex.def)             Requested size: 170.77332pt x 121.95341pt.
<../fig/data/VD2_400mn.png, id=298, 3513.125pt x 2509.375pt>
File: ../fig/data/VD2_400mn.png Graphic file (type png)
<use ../fig/data/VD2_400mn.png>
Package pdftex.def Info: ../fig/data/VD2_400mn.png  used on input line 418.
(pdftex.def)             Requested size: 170.77332pt x 121.95341pt.
 [14 <../fig/quantile5/TFTP4_DAT_24s.png> <../fig/quantile5/TFTP4 DAT_4mn.png> <../fig/quantile5/TFTP4 DAT_40mn.png> <../fig/quantile5/TFTP4 DAT_400mn.png>]
<../fig/quantile3/VD2_24s.png, id=307, 3513.125pt x 2509.375pt>
File: ../fig/quantile3/VD2_24s.png Graphic file (type png)
<use ../fig/quantile3/VD2_24s.png>
Package pdftex.def Info: ../fig/quantile3/VD2_24s.png  used on input line 429.
(pdftex.def)             Requested size: 170.77332pt x 121.95341pt.
<../fig/quantile3/VD2_4mn.png, id=308, 3513.125pt x 2509.375pt>
File: ../fig/quantile3/VD2_4mn.png Graphic file (type png)
<use ../fig/quantile3/VD2_4mn.png>
Package pdftex.def Info: ../fig/quantile3/VD2_4mn.png  used on input line 435.
(pdftex.def)             Requested size: 170.77332pt x 121.95341pt.
<../fig/quantile3/VD2_40mn.png, id=309, 3513.125pt x 2509.375pt>
File: ../fig/quantile3/VD2_40mn.png Graphic file (type png)
<use ../fig/quantile3/VD2_40mn.png>
Package pdftex.def Info: ../fig/quantile3/VD2_40mn.png  used on input line 441.
(pdftex.def)             Requested size: 170.77332pt x 121.95341pt.
<../fig/quantile3/VD2_400mn.png, id=310, 3513.125pt x 2509.375pt>
File: ../fig/quantile3/VD2_400mn.png Graphic file (type png)
<use ../fig/quantile3/VD2_400mn.png>
Package pdftex.def Info: ../fig/quantile3/VD2_400mn.png  used on input line 446.
(pdftex.def)             Requested size: 170.77332pt x 121.95341pt.
 [15 <../fig/data/VD2_24s.png> <../fig/data/VD2_4mn.png> <../fig/data/VD2_40mn.png> <../fig/data/VD2_400mn.png>]
<../fig/quantile4/VD2_24s.png, id=319, 3513.125pt x 2509.375pt>
File: ../fig/quantile4/VD2_24s.png Graphic file (type png)
<use ../fig/quantile4/VD2_24s.png>
Package pdftex.def Info: ../fig/quantile4/VD2_24s.png  used on input line 457.
(pdftex.def)             Requested size: 170.77332pt x 121.95341pt.
<../fig/quantile4/VD2_4mn.png, id=320, 3513.125pt x 2509.375pt>
File: ../fig/quantile4/VD2_4mn.png Graphic file (type png)
<use ../fig/quantile4/VD2_4mn.png>
Package pdftex.def Info: ../fig/quantile4/VD2_4mn.png  used on input line 463.
(pdftex.def)             Requested size: 170.77332pt x 121.95341pt.
<../fig/quantile4/VD2_40mn.png, id=321, 3513.125pt x 2509.375pt>
File: ../fig/quantile4/VD2_40mn.png Graphic file (type png)
<use ../fig/quantile4/VD2_40mn.png>
Package pdftex.def Info: ../fig/quantile4/VD2_40mn.png  used on input line 469.
(pdftex.def)             Requested size: 170.77332pt x 121.95341pt.
<../fig/quantile4/VD2_400mn.png, id=322, 3513.125pt x 2509.375pt>
File: ../fig/quantile4/VD2_400mn.png Graphic file (type png)
<use ../fig/quantile4/VD2_400mn.png>
Package pdftex.def Info: ../fig/quantile4/VD2_400mn.png  used on input line 474.
(pdftex.def)             Requested size: 170.77332pt x 121.95341pt.
 [16 <../fig/quantile3/VD2_24s.png> <../fig/quantile3/VD2_4mn.png> <../fig/quantile3/VD2_40mn.png> <../fig/quantile3/VD2_400mn.png>]
<../fig/quantile5/VD2_24s.png, id=331, 3513.125pt x 2509.375pt>
File: ../fig/quantile5/VD2_24s.png Graphic file (type png)
<use ../fig/quantile5/VD2_24s.png>
Package pdftex.def Info: ../fig/quantile5/VD2_24s.png  used on input line 486.
(pdftex.def)             Requested size: 170.77332pt x 121.95341pt.
<../fig/quantile5/VD2_4mn.png, id=332, 3513.125pt x 2509.375pt>
File: ../fig/quantile5/VD2_4mn.png Graphic file (type png)
<use ../fig/quantile5/VD2_4mn.png>
Package pdftex.def Info: ../fig/quantile5/VD2_4mn.png  used on input line 492.
(pdftex.def)             Requested size: 170.77332pt x 121.95341pt.
<../fig/quantile5/VD2_40mn.png, id=333, 3513.125pt x 2509.375pt>
File: ../fig/quantile5/VD2_40mn.png Graphic file (type png)
<use ../fig/quantile5/VD2_40mn.png>
Package pdftex.def Info: ../fig/quantile5/VD2_40mn.png  used on input line 498.
(pdftex.def)             Requested size: 170.77332pt x 121.95341pt.
<../fig/quantile5/VD2_400mn.png, id=334, 3513.125pt x 2509.375pt>
File: ../fig/quantile5/VD2_400mn.png Graphic file (type png)
<use ../fig/quantile5/VD2_400mn.png>
Package pdftex.def Info: ../fig/quantile5/VD2_400mn.png  used on input line 503.
(pdftex.def)             Requested size: 170.77332pt x 121.95341pt.
 [17 <../fig/quantile4/VD2_24s.png> <../fig/quantile4/VD2_4mn.png> <../fig/quantile4/VD2_40mn.png> <../fig/quantile4/VD2_400mn.png>]
Package atveryend Info: Empty hook `BeforeClearDocument' on input line 512.
 [18 <../fig/quantile5/VD2_24s.png> <../fig/quantile5/VD2_4mn.png> <../fig/quantile5/VD2_40mn.png> <../fig/quantile5/VD2_400mn.png>]
Package atveryend Info: Empty hook `AfterLastShipout' on input line 512.
 (/home/joris/Documents/work/quantile_estimation/report/main.aux)
Package atveryend Info: Executing hook `AtVeryEndDocument' on input line 512.
Package atveryend Info: Executing hook `AtEndAfterFileList' on input line 512.
Package rerunfilecheck Info: File `main.out' has not changed.
(rerunfilecheck)             Checksum: FA22E6B6E7B7B4A90B5DAB247A579B4C;1280.
Package atveryend Info: Empty hook `AtVeryVeryEnd' on input line 512.
 ) 
Here is how much of TeX's memory you used:
 7597 strings out of 483107
 124755 string characters out of 5964630
 376908 words of memory out of 5000000
 22415 multiletter control sequences out of 15000+600000
 539850 words of font info for 50 fonts, out of 8000000 for 9000
 59 hyphenation exceptions out of 8191
 41i,12n,42p,1095b,517s stack positions out of 5000i,500n,10000p,200000b,80000s
</usr/share/texlive/texmf-dist/fonts/type1/public/amsfonts/cm/cmbx10.pfb></usr/share/texlive/texmf-dist/fonts/type1/public/amsfonts/cm/cmbx12.pfb></usr/share/texlive/texmf-dist/fonts/type1/public/amsfonts/cm/cmmi10.pfb></usr/share/texlive/texmf-dist/fonts/type1/public/amsfonts/cm/cmmi7.pfb></usr/share/texlive/texmf-dist/fonts/type1/public/amsfonts/cm/cmmi9.pfb></usr/share/texlive/texmf-dist/fonts/type1/public/amsfonts/cm/cmr10.pfb></usr/share/texlive/texmf-dist/fonts/type1/public/amsfonts/cm/cmr12.pfb></usr/share/texlive/texmf-dist/fonts/type1/public/amsfonts/cm/cmr17.pfb></usr/share/texlive/texmf-dist/fonts/type1/public/amsfonts/cm/cmr6.pfb></usr/share/texlive/texmf-dist/fonts/type1/public/amsfonts/cm/cmr7.pfb></usr/share/texlive/texmf-dist/fonts/type1/public/amsfonts/cm/cmr9.pfb></usr/share/texlive/texmf-dist/fonts/type1/public/amsfonts/cm/cmsy10.pfb></usr/share/texlive/texmf-dist/fonts/type1/public/amsfonts/cm/cmsy7.pfb></usr/share/texlive/texmf-dist/fonts/type1/public/amsfonts/cm/cmti10.pfb></usr/share/texlive/texmf-dist/fonts/type1/public/amsfonts/cm/cmti12.pfb>
Output written on /home/joris/Documents/work/quantile_estimation/report/main.pdf (18 pages, 7672138 bytes).
PDF statistics:
 416 PDF objects out of 1000 (max. 8388607)
 272 compressed objects within 3 object streams
 63 named destinations out of 1000 (max. 500000)
 426 words of extra memory for PDF output out of 10000 (max. 10000000)

